Listing of interrupts
INT 00=A000:3701
INT 01=A000:3709
INT 02=A000:1938
INT 03=A000:3711
INT 04=A000:3719
INT 05=A000:FC2F
INT 06=A000:FC2F
INT 07=A000:FC2F
INT 08=A000:FC2F
INT 09=A000:FC2F
INT 0A=A000:FC2F
INT 0B=A000:FC2F
INT 0C=A000:FC2F
INT 0D=A000:FC2F
INT 0E=A000:FC2F
INT 0F=A000:FC2F
INT 10=A000:FC2F
INT 11=A000:FC2F
INT 12=A000:FC2F
INT 13=A000:FC2F
INT 14=A000:FC2F
INT 15=A000:FC2F
INT 16=A000:FC2F
INT 17=A000:FC2F
INT 18=A000:FC2F
INT 19=A000:FC2F
INT 1A=A000:FC2F
INT 1B=A000:FC2F
INT 1C=A000:FC2F
INT 1D=A000:FC2F
INT 1E=A000:FC2F
INT 1F=A000:FC2F
INT 20=A000:FC2F
INT 21=A000:FC2F
INT 22=A000:FC2F
INT 23=A000:FC2F
INT 24=A000:FC2F
INT 25=A000:FC2F
INT 26=A000:FC2F
INT 27=A000:FC2F
INT 28=A000:FC2F
INT 29=A000:FC2F
INT 2A=A000:FC2F
INT 2B=A000:FC2F
INT 2C=A000:FC2F
INT 2D=A000:FC2F
INT 2E=A000:FC2F
INT 2F=A000:FC2F
INT 30=A000:FC2F
INT 31=A000:FC2F
INT 32=A000:FC2F
INT 33=A000:FC2F
INT 34=A000:FC2F
INT 35=A000:FC2F
INT 36=A000:FC2F
INT 37=A000:FC2F
INT 38=A000:FC2F
INT 39=A000:FC2F
INT 3A=A000:FC2F
INT 3B=A000:FC2F
INT 3C=A000:FC2F
INT 3D=A000:FC2F
INT 3E=A000:FC2F
INT 3F=A000:FC2F
INT 40=A000:FC2F
INT 41=A000:FC2F
INT 42=A000:FC2F
INT 43=A000:FC2F
INT 44=A000:FC2F
INT 45=A000:FC2F
INT 46=A000:FC2F
INT 47=A000:FC2F
INT 48=A000:FC2F
INT 49=A000:FC2F
INT 4A=A000:FC2F
INT 4B=A000:FC2F
INT 4C=A000:FC2F
INT 4D=A000:FC2F
INT 4E=A000:FC2F
INT 4F=A000:FC2F
INT 50=A000:FC2F
INT 51=A000:FC2F
INT 52=A000:FC2F
INT 53=A000:FC2F
INT 54=A000:FC2F
INT 55=A000:FC2F
INT 56=A000:FC2F
INT 57=A000:FC2F
INT 58=A000:FC2F
INT 59=A000:FC2F
INT 5A=A000:FC2F
INT 5B=A000:FC2F
INT 5C=A000:FC2F
INT 5D=A000:FC2F
INT 5E=A000:FC2F
INT 5F=A000:FC2F
INT 60=A000:FC2F
INT 61=A000:FC2F
INT 62=A000:FC2F
INT 63=A000:FC2F
INT 64=A000:FC2F
INT 65=A000:FC2F
INT 66=A000:FC2F
INT 67=A000:FC2F
INT 68=A000:FC2F
INT 69=A000:FC2F
INT 6A=A000:FC2F
INT 6B=A000:FC2F
INT 6C=A000:FC2F
INT 6D=A000:FC2F
INT 6E=A000:FC2F
INT 6F=A000:FC2F
INT 70=A000:FC2F
INT 71=A000:FC2F
INT 72=A000:FC2F
INT 73=A000:FC2F
INT 74=A000:FC2F
INT 75=A000:FC2F
INT 76=A000:FC2F
INT 77=A000:FC2F
INT 78=A000:3741
INT 79=A000:3721
INT 7A=A000:3729
INT 7B=A000:3739
INT 7C=A000:3739
INT 7D=A000:37B2
INT 7E=A000:37BA
INT 7F=A000:3741
INT 80=A000:645C
INT 81=A000:2CAA
INT 82=A000:68B0
INT 83=A000:4F9A
INT 84=A000:3D22
INT 85=A000:0B28
INT 86=A000:38EE
INT 87=A000:24DC
INT 88=A000:580A
INT 89=A000:6B68
INT 8A=A000:07AA
INT 8B=A000:2666
INT 8C=B000:1B0C
INT 8D=0A46:0312
INT 8E=A000:31AC
INT 8F=A000:36F8
INT 90=A000:5798
INT 91=A000:5F57
INT 92=A000:5EE6
INT 93=A000:06FE
INT 94=A000:0703
INT 95=A000:0708
INT 96=A000:070D
INT 97=A000:0712
INT 98=A000:0717
INT 99=A000:0732
INT 9A=A000:0737
INT 9B=A000:073C
INT 9C=A000:0741
INT 9D=A000:0746
INT 9E=A000:074B
INT 9F=A000:0751
INT A0=A000:0757
INT A1=A000:3881
INT A2=A000:3875
INT A3=A000:3879
INT A4=A000:387D
INT A5=A000:3885
INT A6=A000:3889
INT A7=A000:3899
INT A8=A000:389D
INT A9=A000:388D
INT AA=A000:3891
INT AB=A000:3895
INT AC=A000:37F8
INT AD=A000:37FC
INT AE=A000:3800
INT AF=A000:3808
INT B0=A000:383C
INT B1=A000:380C
INT B2=A000:3810
INT B3=A000:3820
INT B4=A000:3824
INT B5=A000:3828
INT B6=A000:382C
INT B7=A000:3818
INT B8=A000:381C
INT B9=A000:3814
INT BA=A000:3830
INT BB=A000:43A3
INT BC=A000:446D
INT BD=A000:43DF
INT BE=A000:43CF
INT BF=A000:44E4
INT C0=A000:4452
INT C1=B000:1675
INT C2=B000:167A
INT C3=B000:1684
INT C4=B000:167F
INT C5=B000:160E
INT C6=B000:194E
INT C7=B000:1963
INT C8=B000:1968
INT C9=B000:1972
INT CA=B000:196D
INT CB=B000:1A84
INT CC=B000:1A7B
INT CD=B000:1A72
INT CE=B000:1A69
INT CF=A000:4219
INT D0=A000:4207
INT D1=A000:4202
INT D2=A000:41FA
INT D3=A000:4306
INT D4=A000:3700
INT D5=A000:2664
INT D6=0A46:0A7B
INT D7=A000:431B
INT D8=B000:0034
INT D9=A000:4214
INT DA=A000:3C7A
INT DB=A000:3804
INT DC=A000:5F52
INT DD=A000:3CD3
INT DE=A000:796C
INT DF=A000:FE2B
INT E0=A000:FE5A
INT E1=A000:3CF7
INT E2=A000:FC2F
INT E3=A000:FC2F
INT E4=A000:FC2F
INT E5=A000:FC2F
INT E6=A000:FC2F
INT E7=A000:FC2F
INT E8=A000:FC2F
INT E9=A000:FC2F
INT EA=A000:FC2F
INT EB=A000:FC2F
INT EC=A000:FC2F
INT ED=A000:FC2F
INT EE=A000:FC2F
INT EF=A000:FC2F
INT F0=A000:FC2F
INT F1=A000:FC2F
INT F2=A000:FC2F
INT F3=A000:FC2F
INT F4=A000:FC2F
INT F5=A000:FC2F
INT F6=A000:FC2F
INT F7=A000:FC2F
INT F8=A000:FC2F
INT F9=A000:FC2F
INT FA=A000:FC2F
INT FB=A000:FC2F
INT FC=A000:FC2F
INT FD=A000:FC2F
INT FE=A000:FC2F
INT FF=A000:FC2F
